{
  "RSpec": {
    "coverage": {
      "/Users/nathanstruhs/projects/school/batabase/spec/models/broad_habitat_spec.rb": [
        1,
        null,
        1,
        3,
        null,
        1,
        2,
        2,
        null,
        null
      ],
      "/Users/nathanstruhs/projects/school/batabase/spec/rails_helper.rb": [
        1,
        1,
        1,
        null,
        1,
        null,
        1,
        1,
        null,
        1,
        1,
        null,
        0,
        0,
        null,
        null,
        1,
        1,
        1,
        1,
        1,
        null,
        null,
        1,
        1,
        1,
        1,
        null,
        null
      ],
      "/Users/nathanstruhs/projects/school/batabase/config/environment.rb": [
        null,
        1,
        null,
        null,
        1
      ],
      "/Users/nathanstruhs/projects/school/batabase/config/application.rb": [
        1,
        null,
        1,
        null,
        1,
        1,
        1,
        1,
        1,
        1,
        1,
        1,
        null,
        1,
        null,
        null,
        null,
        1,
        null,
        1,
        1,
        null,
        1,
        null,
        null,
        null,
        null,
        null,
        null,
        null
      ],
      "/Users/nathanstruhs/projects/school/batabase/config/boot.rb": [
        1,
        null,
        1,
        1
      ],
      "/Users/nathanstruhs/projects/school/batabase/config/environments/test.rb": [
        1,
        null,
        null,
        null,
        null,
        null,
        null,
        1,
        null,
        null,
        null,
        null,
        1,
        null,
        null,
        1,
        1,
        null,
        null,
        null,
        null,
        1,
        1,
        null,
        null,
        1,
        null,
        null,
        1,
        null,
        null,
        1,
        null,
        1,
        null,
        null,
        null,
        null,
        1,
        null,
        null,
        1,
        null,
        null,
        null,
        null
      ],
      "/Users/nathanstruhs/projects/school/batabase/config/initializers/application_controller_renderer.rb": [
        null,
        null,
        null,
        null,
        null,
        null,
        null,
        null
      ],
      "/Users/nathanstruhs/projects/school/batabase/config/initializers/backtrace_silencers.rb": [
        null,
        null,
        null,
        null,
        null,
        null,
        null
      ],
      "/Users/nathanstruhs/projects/school/batabase/config/initializers/content_security_policy.rb": [
        null,
        null,
        null,
        null,
        null,
        null,
        null,
        null,
        null,
        null,
        null,
        null,
        null,
        null,
        null,
        null,
        null,
        null,
        null,
        null,
        null,
        null,
        null,
        null,
        null
      ],
      "/Users/nathanstruhs/projects/school/batabase/config/initializers/cookies_serializer.rb": [
        null,
        null,
        null,
        null,
        1
      ],
      "/Users/nathanstruhs/projects/school/batabase/config/initializers/devise.rb": [
        null,
        null,
        null,
        null,
        1,
        null,
        null,
        null,
        null,
        null,
        null,
        null,
        null,
        null,
        null,
        null,
        null,
        null,
        null,
        null,
        1,
        null,
        null,
        null,
        null,
        null,
        null,
        null,
        null,
        null,
        null,
        null,
        1,
        null,
        null,
        null,
        null,
        null,
        null,
        null,
        null,
        null,
        null,
        null,
        null,
        null,
        null,
        null,
        null,
        null,
        null,
        null,
        null,
        null,
        1,
        null,
        null,
        null,
        null,
        1,
        null,
        null,
        null,
        null,
        null,
        null,
        null,
        null,
        null,
        null,
        null,
        null,
        null,
        null,
        null,
        null,
        null,
        null,
        null,
        null,
        null,
        null,
        null,
        null,
        null,
        null,
        null,
        null,
        null,
        null,
        1,
        null,
        null,
        null,
        null,
        null,
        null,
        null,
        null,
        null,
        null,
        null,
        null,
        null,
        null,
        null,
        null,
        null,
        null,
        null,
        null,
        null,
        null,
        1,
        null,
        null,
        null,
        null,
        null,
        null,
        null,
        null,
        null,
        null,
        null,
        null,
        null,
        null,
        null,
        null,
        null,
        null,
        null,
        null,
        null,
        null,
        null,
        null,
        null,
        null,
        null,
        null,
        null,
        null,
        1,
        null,
        null,
        null,
        null,
        null,
        null,
        null,
        null,
        null,
        1,
        null,
        null,
        null,
        null,
        null,
        null,
        null,
        null,
        null,
        null,
        1,
        null,
        null,
        null,
        null,
        1,
        null,
        null,
        null,
        null,
        null,
        null,
        null,
        null,
        null,
        null,
        null,
        null,
        null,
        null,
        null,
        null,
        null,
        null,
        null,
        null,
        null,
        null,
        null,
        null,
        null,
        null,
        null,
        null,
        null,
        null,
        null,
        null,
        null,
        null,
        null,
        null,
        null,
        null,
        null,
        null,
        1,
        null,
        null,
        null,
        null,
        null,
        null,
        null,
        null,
        null,
        null,
        null,
        null,
        null,
        null,
        null,
        null,
        null,
        null,
        null,
        null,
        null,
        null,
        null,
        null,
        null,
        null,
        null,
        null,
        null,
        null,
        null,
        null,
        null,
        null,
        null,
        null,
        null,
        null,
        null,
        null,
        null,
        1,
        null,
        null,
        null,
        null,
        null,
        null,
        null,
        null,
        null,
        null,
        null,
        null,
        null,
        null,
        null,
        null,
        null,
        null,
        null,
        null,
        null,
        null,
        null,
        null,
        null,
        null,
        null,
        null,
        null,
        null,
        null,
        null,
        null,
        null,
        null,
        null
      ],
      "/Users/nathanstruhs/projects/school/batabase/config/initializers/filter_parameter_logging.rb": [
        null,
        null,
        null,
        1
      ],
      "/Users/nathanstruhs/projects/school/batabase/config/initializers/inflections.rb": [
        null,
        null,
        null,
        null,
        null,
        null,
        null,
        null,
        null,
        null,
        null,
        null,
        null,
        null,
        null,
        null
      ],
      "/Users/nathanstruhs/projects/school/batabase/config/initializers/mime_types.rb": [
        null,
        null,
        null,
        null
      ],
      "/Users/nathanstruhs/projects/school/batabase/config/initializers/new_framework_defaults_5_2.rb": [
        null,
        null,
        null,
        null,
        null,
        null,
        null,
        null,
        null,
        null,
        null,
        null,
        null,
        null,
        null,
        null,
        null,
        null,
        null,
        null,
        null,
        null,
        null,
        null,
        null,
        null,
        null,
        null,
        null,
        null,
        null,
        null,
        null,
        null,
        null,
        null,
        null,
        null
      ],
      "/Users/nathanstruhs/projects/school/batabase/config/initializers/wrap_parameters.rb": [
        null,
        null,
        null,
        null,
        null,
        null,
        1,
        2,
        null,
        null,
        null,
        null,
        null,
        null
      ],
      "/Users/nathanstruhs/projects/school/batabase/spec/factories/contacts.rb": [
        1,
        1,
        8,
        8,
        8,
        8,
        8,
        null,
        null
      ],
      "/Users/nathanstruhs/projects/school/batabase/spec/factories/deployment_contacts.rb": [
        1,
        1,
        3,
        3,
        null,
        null
      ],
      "/Users/nathanstruhs/projects/school/batabase/spec/factories/deployment_softwares.rb": [
        1,
        1,
        6,
        6,
        6,
        6,
        6,
        6,
        null,
        null
      ],
      "/Users/nathanstruhs/projects/school/batabase/spec/factories/deployments.rb": [
        1,
        1,
        5,
        5,
        5,
        5,
        5,
        5,
        5,
        5,
        5,
        5,
        5,
        5,
        5,
        null,
        null
      ],
      "/Users/nathanstruhs/projects/school/batabase/spec/factories/detection_targets.rb": [
        1,
        1,
        4,
        null,
        null
      ],
      "/Users/nathanstruhs/projects/school/batabase/spec/factories/detector_locations.rb": [
        1,
        1,
        6,
        6,
        6,
        6,
        6,
        6,
        null,
        null
      ],
      "/Users/nathanstruhs/projects/school/batabase/spec/factories/detectors.rb": [
        1,
        1,
        7,
        7,
        7,
        null,
        null
      ],
      "/Users/nathanstruhs/projects/school/batabase/spec/factories/kaleidoscope_deployment_detections.rb": [
        1,
        1,
        15,
        15,
        15,
        15,
        15,
        15,
        15,
        15,
        15,
        15,
        15,
        15,
        15,
        15,
        15,
        15,
        15,
        15,
        15,
        15,
        15,
        15,
        15,
        15,
        15,
        15,
        15,
        15,
        15,
        15,
        15,
        15,
        15,
        15,
        15,
        15,
        null,
        null
      ],
      "/Users/nathanstruhs/projects/school/batabase/spec/factories/local_habitats.rb": [
        1,
        1,
        3,
        null,
        null
      ],
      "/Users/nathanstruhs/projects/school/batabase/spec/factories/organizations.rb": [
        1,
        1,
        17,
        null,
        null
      ],
      "/Users/nathanstruhs/projects/school/batabase/spec/factories/recovery_contacts.rb": [
        1,
        1,
        3,
        3,
        null,
        null
      ],
      "/Users/nathanstruhs/projects/school/batabase/spec/factories/sample_design_types.rb": [
        1,
        1,
        7,
        null,
        null
      ],
      "/Users/nathanstruhs/projects/school/batabase/spec/factories/sample_designs.rb": [
        1,
        1,
        1,
        5,
        5,
        null,
        null
      ],
      "/Users/nathanstruhs/projects/school/batabase/spec/factories/sample_units.rb": [
        1,
        1,
        4,
        4,
        null,
        null
      ],
      "/Users/nathanstruhs/projects/school/batabase/spec/factories/sonobat_deployment_detections.rb": [
        1,
        1,
        18,
        18,
        18,
        18,
        18,
        18,
        18,
        18,
        18,
        18,
        18,
        18,
        18,
        18,
        18,
        18,
        18,
        18,
        18,
        18,
        18,
        18,
        18,
        18,
        18,
        18,
        18,
        18,
        18,
        18,
        18,
        18,
        18,
        18,
        18,
        18,
        18,
        null,
        null
      ],
      "/Users/nathanstruhs/projects/school/batabase/spec/factories/species.rb": [
        1,
        1,
        6,
        6,
        6,
        6,
        null,
        null
      ],
      "/Users/nathanstruhs/projects/school/batabase/spec/factories/states.rb": [
        1,
        1,
        13,
        13,
        null,
        null
      ],
      "/Users/nathanstruhs/projects/school/batabase/spec/factories/target_descriptors.rb": [
        1,
        1,
        1,
        3,
        null,
        null
      ],
      "/Users/nathanstruhs/projects/school/batabase/spec/factories/users.rb": [
        1,
        1,
        1,
        1,
        6,
        6,
        6,
        6,
        6,
        6,
        null,
        null,
        1,
        1,
        null,
        null,
        1,
        1,
        null,
        null
      ],
      "/Users/nathanstruhs/projects/school/batabase/config/routes.rb": [
        1,
        1,
        null,
        1,
        null,
        1,
        1,
        null,
        null,
        1,
        null,
        1,
        null,
        1,
        1,
        1,
        1,
        1,
        1,
        1,
        1,
        1,
        1,
        1,
        1,
        1,
        1,
        null,
        null
      ],
      "/Users/nathanstruhs/projects/school/batabase/app/models/user.rb": [
        1,
        1,
        null,
        null,
        null,
        1,
        1,
        null,
        1,
        1,
        null,
        1,
        null,
        1,
        null,
        1,
        5,
        null,
        null
      ],
      "/Users/nathanstruhs/projects/school/batabase/app/models/application_record.rb": [
        1,
        1,
        null
      ],
      "/Users/nathanstruhs/projects/school/batabase/app/helpers/application_helper.rb": [
        1,
        1,
        0,
        0,
        null,
        null,
        1,
        0,
        0,
        null,
        null
      ],
      "/Users/nathanstruhs/projects/school/batabase/spec/support/factory_bot.rb": [
        1,
        1,
        null
      ],
      "/Users/nathanstruhs/projects/school/batabase/app/models/broad_habitat.rb": [
        1,
        1,
        1,
        null
      ],
      "/Users/nathanstruhs/projects/school/batabase/spec/models/clutter_type_spec.rb": [
        1,
        null,
        1,
        3,
        null,
        1,
        2,
        2,
        null,
        null
      ],
      "/Users/nathanstruhs/projects/school/batabase/app/models/clutter_type.rb": [
        1,
        1,
        1,
        null
      ],
      "/Users/nathanstruhs/projects/school/batabase/spec/models/contact_spec.rb": [
        1,
        null,
        1,
        8,
        null,
        1,
        1,
        4,
        null,
        null,
        1,
        6,
        null,
        null,
        null,
        1,
        2,
        2,
        null,
        null
      ],
      "/Users/nathanstruhs/projects/school/batabase/app/models/contact.rb": [
        1,
        1,
        1,
        null,
        null,
        null,
        1,
        1,
        null,
        1,
        0,
        null,
        null
      ],
      "/Users/nathanstruhs/projects/school/batabase/spec/models/deployment_contact_spec.rb": [
        1,
        null,
        1,
        3,
        null,
        1,
        1,
        4,
        null,
        null,
        null
      ],
      "/Users/nathanstruhs/projects/school/batabase/app/models/deployment_contact.rb": [
        1,
        1,
        null,
        null
      ],
      "/Users/nathanstruhs/projects/school/batabase/spec/models/deployment_software_spec.rb": [
        1,
        null,
        1,
        6,
        null,
        1,
        1,
        4,
        null,
        null,
        1,
        4,
        null,
        null,
        2,
        null,
        null
      ],
      "/Users/nathanstruhs/projects/school/batabase/app/models/deployment_software.rb": [
        1,
        1,
        1,
        1,
        null,
        null
      ],
      "/Users/nathanstruhs/projects/school/batabase/spec/models/deployment_spec.rb": [
        1,
        null,
        1,
        5,
        null,
        1,
        1,
        6,
        null,
        2,
        null,
        null
      ],
      "/Users/nathanstruhs/projects/school/batabase/app/models/deployment.rb": [
        1,
        1,
        null,
        null,
        1,
        null
      ],
      "/Users/nathanstruhs/projects/school/batabase/spec/models/detection_target_spec.rb": [
        1,
        null,
        1,
        2,
        null,
        1,
        2,
        null,
        null
      ],
      "/Users/nathanstruhs/projects/school/batabase/app/models/detection_target.rb": [
        1,
        1,
        null
      ],
      "/Users/nathanstruhs/projects/school/batabase/spec/models/detector_location_spec.rb": [
        1,
        null,
        1,
        6,
        null,
        1,
        1,
        4,
        null,
        2,
        null,
        1,
        4,
        null,
        null,
        null
      ],
      "/Users/nathanstruhs/projects/school/batabase/app/models/detector_location.rb": [
        1,
        1,
        null,
        1,
        1,
        null
      ],
      "/Users/nathanstruhs/projects/school/batabase/spec/models/detector_spec.rb": [
        1,
        null,
        1,
        7,
        null,
        1,
        1,
        4,
        null,
        null,
        1,
        8,
        null,
        null,
        null
      ],
      "/Users/nathanstruhs/projects/school/batabase/app/models/detector.rb": [
        1,
        1,
        1,
        null
      ],
      "/Users/nathanstruhs/projects/school/batabase/spec/models/distance_range_spec.rb": [
        1,
        null,
        1,
        3,
        null,
        1,
        2,
        2,
        null,
        null
      ],
      "/Users/nathanstruhs/projects/school/batabase/app/models/distance_range.rb": [
        1,
        1,
        1,
        null
      ],
      "/Users/nathanstruhs/projects/school/batabase/spec/models/geodetic_system_spec.rb": [
        1,
        null,
        1,
        3,
        null,
        1,
        2,
        2,
        null,
        null
      ],
      "/Users/nathanstruhs/projects/school/batabase/app/models/geodetic_system.rb": [
        1,
        1,
        1,
        null
      ],
      "/Users/nathanstruhs/projects/school/batabase/spec/models/kaleidoscope_deployment_detection_spec.rb": [
        1,
        null,
        1,
        15,
        null,
        1,
        1,
        4,
        null,
        null,
        null,
        null,
        null,
        null,
        null,
        null,
        null,
        null,
        null,
        null,
        null,
        1,
        24,
        null,
        null,
        null
      ],
      "/Users/nathanstruhs/projects/school/batabase/app/models/kaleidoscope_deployment_detection.rb": [
        1,
        1,
        1,
        null,
        null,
        null,
        null,
        null,
        null,
        null,
        null,
        null,
        null,
        null,
        null
      ],
      "/Users/nathanstruhs/projects/school/batabase/spec/models/local_habitat_spec.rb": [
        1,
        null,
        1,
        3,
        null,
        1,
        2,
        2,
        null,
        null
      ],
      "/Users/nathanstruhs/projects/school/batabase/app/models/local_habitat.rb": [
        1,
        1,
        1,
        null
      ],
      "/Users/nathanstruhs/projects/school/batabase/spec/models/microphone_type_spec.rb": [
        1,
        null,
        1,
        3,
        null,
        1,
        2,
        2,
        null,
        null
      ],
      "/Users/nathanstruhs/projects/school/batabase/app/models/microphone_type.rb": [
        1,
        1,
        1,
        null
      ],
      "/Users/nathanstruhs/projects/school/batabase/spec/models/organization_spec.rb": [
        1,
        null,
        1,
        3,
        null,
        1,
        2,
        2,
        null,
        null
      ],
      "/Users/nathanstruhs/projects/school/batabase/app/models/organization.rb": [
        1,
        1,
        1,
        null
      ],
      "/Users/nathanstruhs/projects/school/batabase/spec/models/orientation_spec.rb": [
        1,
        null,
        1,
        3,
        null,
        1,
        2,
        2,
        null,
        null
      ],
      "/Users/nathanstruhs/projects/school/batabase/app/models/orientation.rb": [
        1,
        1,
        1,
        null
      ],
      "/Users/nathanstruhs/projects/school/batabase/spec/models/recovery_contact_spec.rb": [
        1,
        null,
        1,
        3,
        null,
        1,
        1,
        4,
        null,
        null,
        null
      ],
      "/Users/nathanstruhs/projects/school/batabase/app/models/recovery_contact.rb": [
        1,
        1,
        null,
        null
      ],
      "/Users/nathanstruhs/projects/school/batabase/spec/models/report_spec.rb": [
        1,
        null,
        1,
        5,
        null,
        1,
        1,
        4,
        null,
        null,
        1,
        4,
        null,
        null,
        null
      ],
      "/Users/nathanstruhs/projects/school/batabase/app/models/report.rb": [
        1,
        1,
        1,
        null
      ],
      "/Users/nathanstruhs/projects/school/batabase/spec/models/sample_design_spec.rb": [
        1,
        null,
        1,
        5,
        null,
        1,
        1,
        4,
        null,
        null,
        2,
        null,
        null,
        1,
        2,
        null,
        null
      ],
      "/Users/nathanstruhs/projects/school/batabase/app/models/sample_design.rb": [
        1,
        1,
        1,
        1,
        null
      ],
      "/Users/nathanstruhs/projects/school/batabase/spec/models/sample_design_type_spec.rb": [
        1,
        null,
        1,
        3,
        null,
        1,
        2,
        2,
        null,
        null
      ],
      "/Users/nathanstruhs/projects/school/batabase/app/models/sample_design_type.rb": [
        1,
        1,
        1,
        null
      ],
      "/Users/nathanstruhs/projects/school/batabase/spec/models/sample_unit_spec.rb": [
        1,
        null,
        1,
        4,
        null,
        1,
        2,
        2,
        2,
        null,
        null
      ],
      "/Users/nathanstruhs/projects/school/batabase/app/models/sample_unit.rb": [
        1,
        1,
        1,
        1,
        null
      ],
      "/Users/nathanstruhs/projects/school/batabase/spec/models/software_spec.rb": [
        1,
        null,
        1,
        4,
        null,
        1,
        2,
        2,
        2,
        null,
        null
      ],
      "/Users/nathanstruhs/projects/school/batabase/app/models/software.rb": [
        1,
        1,
        1,
        1,
        null
      ],
      "/Users/nathanstruhs/projects/school/batabase/spec/models/sonobat_deployment_detection_spec.rb": [
        1,
        null,
        1,
        18,
        null,
        1,
        2,
        null,
        null,
        null,
        null,
        null,
        null,
        null,
        null,
        null,
        null,
        null,
        null,
        null,
        null,
        null,
        null,
        1,
        32,
        null,
        null,
        null
      ],
      "/Users/nathanstruhs/projects/school/batabase/app/models/sonobat_deployment_detection.rb": [
        1,
        1,
        1,
        null,
        null,
        null,
        null,
        null,
        null,
        null,
        null,
        null,
        null,
        null,
        null,
        null,
        null,
        null,
        null
      ],
      "/Users/nathanstruhs/projects/school/batabase/spec/models/species_group_spec.rb": [
        1,
        null,
        1,
        4,
        null,
        1,
        2,
        2,
        2,
        null,
        null
      ],
      "/Users/nathanstruhs/projects/school/batabase/app/models/species_group.rb": [
        1,
        1,
        1,
        1,
        null
      ],
      "/Users/nathanstruhs/projects/school/batabase/spec/models/species_spec.rb": [
        1,
        null,
        1,
        6,
        null,
        1,
        1,
        4,
        null,
        null,
        2,
        null,
        1,
        4,
        null,
        null,
        null
      ],
      "/Users/nathanstruhs/projects/school/batabase/app/models/species.rb": [
        1,
        1,
        1,
        1,
        null
      ],
      "/Users/nathanstruhs/projects/school/batabase/spec/models/state_spec.rb": [
        1,
        null,
        1,
        5,
        null,
        1,
        1,
        4,
        null,
        null,
        2,
        2,
        null,
        null
      ],
      "/Users/nathanstruhs/projects/school/batabase/app/models/state.rb": [
        1,
        1,
        1,
        1,
        null
      ],
      "/Users/nathanstruhs/projects/school/batabase/spec/models/target_descriptor_spec.rb": [
        1,
        null,
        1,
        3,
        null,
        1,
        2,
        null,
        null,
        1,
        2,
        null,
        null
      ],
      "/Users/nathanstruhs/projects/school/batabase/app/models/target_descriptor.rb": [
        1,
        1,
        null,
        1,
        null
      ],
      "/Users/nathanstruhs/projects/school/batabase/spec/models/user_spec.rb": [
        1,
        null,
        1,
        6,
        null,
        1,
        1,
        4,
        null,
        null,
        null,
        1,
        2,
        2,
        null,
        null,
        1,
        1,
        1,
        1,
        1,
        null,
        null,
        null,
        1,
        1,
        1,
        null,
        null,
        null
      ]
    },
    "timestamp": 1543594709
  }
}
